This is pdfTeX, Version 3.14159265-2.6-1.40.17 (MiKTeX 2.9.6210 64-bit) (preloaded format=pdflatex 2017.4.4)  13 DEC 2017 12:41
entering extended mode
**./HAL9000.tex
(HAL9000.tex
LaTeX2e <2017/01/01> patch level 1
Babel <3.9r> and hyphenation patterns for 75 language(s) loaded.
("C:\Program Files\MiKTeX 2.9\tex\latex\base\report.cls"
Document Class: report 2014/09/29 v1.4h Standard LaTeX document class
("C:\Program Files\MiKTeX 2.9\tex\latex\base\size12.clo"
File: size12.clo 2014/09/29 v1.4h Standard LaTeX file (size option)
)
\c@part=\count79
\c@chapter=\count80
\c@section=\count81
\c@subsection=\count82
\c@subsubsection=\count83
\c@paragraph=\count84
\c@subparagraph=\count85
\c@figure=\count86
\c@table=\count87
\abovecaptionskip=\skip41
\belowcaptionskip=\skip42
\bibindent=\dimen102
) (cs.sty
("C:\Program Files\MiKTeX 2.9\tex\latex\psnfss\times.sty"
Package: times 2005/04/12 PSNFSS-v9.2a (SPQR) 
) ("C:\Program Files\MiKTeX 2.9\tex\latex\graphics\graphicx.sty"
Package: graphicx 2014/10/28 v1.0g Enhanced LaTeX Graphics (DPC,SPQR)
 ("C:\Program Files\MiKTeX 2.9\tex\latex\graphics\keyval.sty"
Package: keyval 2014/10/28 v1.15 key=value parser (DPC)
\KV@toks@=\toks14
)
("C:\Program Files\MiKTeX 2.9\tex\latex\graphics\graphics.sty"
Package: graphics 2016/10/09 v1.0u Standard LaTeX Graphics (DPC,SPQR)
 ("C:\Program Files\MiKTeX 2.9\tex\latex\graphics\trig.sty"
Package: trig 2016/01/03 v1.10 sin cos tan (DPC)
) ("C:\Program Files\MiKTeX 2.9\tex\latex\graphics-cfg\graphics.cfg"
File: graphics.cfg 2016/06/04 v1.11 sample graphics configuration
)
Package graphics Info: Driver file: pdftex.def on input line 99.

("C:\Program Files\MiKTeX 2.9\tex\latex\graphics-def\pdftex.def"
File: pdftex.def 2017/01/12 v0.06k Graphics/color for pdfTeX

("C:\Program Files\MiKTeX 2.9\tex\generic\oberdiek\infwarerr.sty"
Package: infwarerr 2016/05/16 v1.4 Providing info/warning/error messages (HO)
)
("C:\Program Files\MiKTeX 2.9\tex\generic\oberdiek\ltxcmds.sty"
Package: ltxcmds 2016/05/16 v1.23 LaTeX kernel commands for general use (HO)
)
\Gread@gobject=\count88
))
\Gin@req@height=\dimen103
\Gin@req@width=\dimen104
)
("C:\Program Files\MiKTeX 2.9\tex\latex\base\latexsym.sty"
Package: latexsym 1998/08/17 v2.2e Standard LaTeX package (lasy symbols)
\symlasy=\mathgroup4
LaTeX Font Info:    Overwriting symbol font `lasy' in version `bold'
(Font)                  U/lasy/m/n --> U/lasy/b/n on input line 52.
) ("C:\Program Files\MiKTeX 2.9\tex\latex\amsmath\amsmath.sty"
Package: amsmath 2016/11/05 v2.16a AMS math features
\@mathmargin=\skip43
For additional information on amsmath, use the `?' option.
("C:\Program Files\MiKTeX 2.9\tex\latex\amsmath\amstext.sty"
Package: amstext 2000/06/29 v2.01 AMS text
 ("C:\Program Files\MiKTeX 2.9\tex\latex\amsmath\amsgen.sty"
File: amsgen.sty 1999/11/30 v2.0 generic functions
\@emptytoks=\toks15
\ex@=\dimen105
)) ("C:\Program Files\MiKTeX 2.9\tex\latex\amsmath\amsbsy.sty"
Package: amsbsy 1999/11/29 v1.2d Bold Symbols
\pmbraise@=\dimen106
)
("C:\Program Files\MiKTeX 2.9\tex\latex\amsmath\amsopn.sty"
Package: amsopn 2016/03/08 v2.02 operator names
)
\inf@bad=\count89
LaTeX Info: Redefining \frac on input line 213.
\uproot@=\count90
\leftroot@=\count91
LaTeX Info: Redefining \overline on input line 375.
\classnum@=\count92
\DOTSCASE@=\count93
LaTeX Info: Redefining \ldots on input line 472.
LaTeX Info: Redefining \dots on input line 475.
LaTeX Info: Redefining \cdots on input line 596.
\Mathstrutbox@=\box26
\strutbox@=\box27
\big@size=\dimen107
LaTeX Font Info:    Redeclaring font encoding OML on input line 712.
LaTeX Font Info:    Redeclaring font encoding OMS on input line 713.
\macc@depth=\count94
\c@MaxMatrixCols=\count95
\dotsspace@=\muskip10
\c@parentequation=\count96
\dspbrk@lvl=\count97
\tag@help=\toks16
\row@=\count98
\column@=\count99
\maxfields@=\count100
\andhelp@=\toks17
\eqnshift@=\dimen108
\alignsep@=\dimen109
\tagshift@=\dimen110
\tagwidth@=\dimen111
\totwidth@=\dimen112
\lineht@=\dimen113
\@envbody=\toks18
\multlinegap=\skip44
\multlinetaggap=\skip45
\mathdisplay@stack=\toks19
LaTeX Info: Redefining \[ on input line 2817.
LaTeX Info: Redefining \] on input line 2818.
) ("C:\Program Files\MiKTeX 2.9\tex\generic\xypic\xy.sty"
("C:\Program Files\MiKTeX 2.9\tex\generic\xypic\xy.tex" Bootstrap'ing: catcodes, docmode,
("C:\Program Files\MiKTeX 2.9\tex\generic\xypic\xyrecat.tex")
("C:\Program Files\MiKTeX 2.9\tex\generic\xypic\xyidioms.tex")

 Xy-pic version 3.8.9 <2013/10/06>
 Copyright (c) 1991-2013 by Kristoffer H. Rose <krisrose@tug.org> and others
 Xy-pic is free software: see the User's Guide for details.

Loading kernel: messages; fonts; allocations: state,
\X@c=\dimen114
\Y@c=\dimen115
\U@c=\dimen116
\D@c=\dimen117
\L@c=\dimen118
\R@c=\dimen119
\Edge@c=\toks20
\X@p=\dimen120
\Y@p=\dimen121
\U@p=\dimen122
\D@p=\dimen123
\L@p=\dimen124
\R@p=\dimen125
\Edge@p=\toks21
\X@origin=\dimen126
\Y@origin=\dimen127
\X@xbase=\dimen128
\Y@xbase=\dimen129
\X@ybase=\dimen130
\Y@ybase=\dimen131
\X@min=\dimen132
\Y@min=\dimen133
\X@max=\dimen134
\Y@max=\dimen135
\lastobjectbox@=\box28
\zerodotbox@=\box29
\almostz@=\dimen136
 direction,
\d@X=\dimen137
\d@Y=\dimen138
\K@=\count101
\KK@=\count102
\Direction=\count103
\K@dXdY=\dimen139
\K@dYdX=\dimen140
\xyread@=\read1
\xywrite@=\write3
\csp@=\count104
\quotPTK@=\dimen141
 utility macros; pictures: \xy, positions,
\swaptoks@@=\toks22
\connectobjectbox@@=\box30
 objects,
\styletoks@=\toks23

decorations; kernel objects: directionals, circles, text; options; algorithms: directions, edges, connections;
 Xy-pic loaded) ("C:\Program Files\MiKTeX 2.9\tex\generic\oberdiek\ifpdf.sty"
Package: ifpdf 2016/05/14 v3.1 Provides the ifpdf switch
)
Package: xy 2013/10/06 Xy-pic version 3.8.9

("C:\Program Files\MiKTeX 2.9\tex\generic\xypic\xymatrix.tex"  Xy-pic option: Matrix feature v.3.14
\Row=\count105
\Col=\count106
\queue@=\toks24
\queue@@=\toks25
\qcount@=\count107
\qcount@@=\count108
\matrixsize@=\count109
 loaded)
("C:\Program Files\MiKTeX 2.9\tex\generic\xypic\xyarrow.tex"  Xy-pic option: Arrow and Path feature v.3.9 path, \ar,
loaded) ("C:\Program Files\MiKTeX 2.9\tex\generic\xypic\xypdf.tex"  Xy-pic option: PDF driver v.1.7 loaded))
("C:\Program Files\MiKTeX 2.9\tex\latex\ae\ae.sty"
Package: ae 2001/02/12 1.3 Almost European Computer Modern
 ("C:\Program Files\MiKTeX 2.9\tex\latex\base\fontenc.sty"
Package: fontenc 2017/01/24 v2.0c Standard LaTeX package

("C:\Program Files\MiKTeX 2.9\tex\latex\base\t1enc.def"
File: t1enc.def 2017/01/24 v2.0c Standard LaTeX file
LaTeX Font Info:    Redeclaring font encoding T1 on input line 48.
)
LaTeX Font Info:    Try loading font information for T1+aer on input line 105.
 ("C:\Program Files\MiKTeX 2.9\tex\latex\ae\t1aer.fd"
File: t1aer.fd 1997/11/16 Font definitions for T1/aer.
)))
("C:\Program Files\MiKTeX 2.9\tex\latex\ae\aecompl.sty"
Package: aecompl 1998/07/23 0.9 T1 Complements for AE fonts (D. Roegel)
) ("C:\Program Files\MiKTeX 2.9\tex\latex\xcolor\xcolor.sty"
Package: xcolor 2016/05/11 v2.12 LaTeX color extensions (UK)

("C:\Program Files\MiKTeX 2.9\tex\latex\graphics-cfg\color.cfg"
File: color.cfg 2016/01/02 v1.6 sample color configuration
)
Package xcolor Info: Driver file: pdftex.def on input line 225.
Package xcolor Info: Model `cmy' substituted by `cmy0' on input line 1348.
Package xcolor Info: Model `hsb' substituted by `rgb' on input line 1352.
Package xcolor Info: Model `RGB' extended on input line 1364.
Package xcolor Info: Model `HTML' substituted by `rgb' on input line 1366.
Package xcolor Info: Model `Hsb' substituted by `hsb' on input line 1367.
Package xcolor Info: Model `tHsb' substituted by `hsb' on input line 1368.
Package xcolor Info: Model `HSB' substituted by `hsb' on input line 1369.
Package xcolor Info: Model `Gray' substituted by `gray' on input line 1370.
Package xcolor Info: Model `wave' substituted by `hsb' on input line 1371.

("C:\Program Files\MiKTeX 2.9\tex\latex\graphics\dvipsnam.def"
File: dvipsnam.def 2016/06/17 v3.0m Driver-dependent file (DPC,SPQR)
))
("C:\Program Files\MiKTeX 2.9\tex\latex\listings\listings.sty"
\lst@mode=\count110
\lst@gtempboxa=\box31
\lst@token=\toks26
\lst@length=\count111
\lst@currlwidth=\dimen142
\lst@column=\count112
\lst@pos=\count113
\lst@lostspace=\dimen143
\lst@width=\dimen144
\lst@newlines=\count114
\lst@lineno=\count115
\lst@maxwidth=\dimen145

("C:\Program Files\MiKTeX 2.9\tex\latex\listings\lstmisc.sty"
File: lstmisc.sty 2015/06/04 1.6 (Carsten Heinz)
\c@lstnumber=\count116
\lst@skipnumbers=\count117
\lst@framebox=\box32
)
("C:\Program Files\MiKTeX 2.9\tex\latex\listings\listings.cfg"
File: listings.cfg 2015/06/04 1.6 listings configuration
))
Package: listings 2015/06/04 1.6 (Carsten Heinz)

("C:\Program Files\MiKTeX 2.9\tex\latex\tools\tabularx.sty"
Package: tabularx 2016/02/03 v2.11 `tabularx' package (DPC)
 ("C:\Program Files\MiKTeX 2.9\tex\latex\tools\array.sty"
Package: array 2016/10/06 v2.4d Tabular extension package (FMi)
\col@sep=\dimen146
\extrarowheight=\dimen147
\NC@list=\toks27
\extratabsurround=\skip46
\backup@length=\skip47
)
\TX@col@width=\dimen148
\TX@old@table=\dimen149
\TX@old@col=\dimen150
\TX@target=\dimen151
\TX@delta=\dimen152
\TX@cols=\count118
\TX@ftn=\toks28
)
("C:\Program Files\MiKTeX 2.9\tex\latex\base\ifthen.sty"
Package: ifthen 2014/09/29 v1.1c Standard LaTeX ifthen package (DPC)
)
("C:\Program Files\MiKTeX 2.9\tex\latex\pgf\utilities\pgfpages.sty"
Package: pgfpages 2011/01/05 ver 0.02

("C:\Program Files\MiKTeX 2.9\tex\latex\pgf\basiclayer\pgfcore.sty"
("C:\Program Files\MiKTeX 2.9\tex\latex\pgf\systemlayer\pgfsys.sty"
("C:\Program Files\MiKTeX 2.9\tex\latex\pgf\utilities\pgfrcs.sty"
("C:\Program Files\MiKTeX 2.9\tex\generic\pgf\utilities\pgfutil-common.tex"
\pgfutil@everybye=\toks29
\pgfutil@tempdima=\dimen153
\pgfutil@tempdimb=\dimen154

("C:\Program Files\MiKTeX 2.9\tex\generic\pgf\utilities\pgfutil-common-lists.tex"))
("C:\Program Files\MiKTeX 2.9\tex\generic\pgf\utilities\pgfutil-latex.def"
\pgfutil@abb=\box33

("C:\Program Files\MiKTeX 2.9\tex\latex\ms\everyshi.sty"
Package: everyshi 2001/05/15 v3.00 EveryShipout Package (MS)
))
("C:\Program Files\MiKTeX 2.9\tex\generic\pgf\utilities\pgfrcs.code.tex"
Package: pgfrcs 2015/08/07 v3.0.1a (rcs-revision 1.31)
))
("C:\Program Files\MiKTeX 2.9\tex\generic\pgf\systemlayer\pgfsys.code.tex"
Package: pgfsys 2014/07/09 v3.0.1a (rcs-revision 1.48)

("C:\Program Files\MiKTeX 2.9\tex\generic\pgf\utilities\pgfkeys.code.tex"
\pgfkeys@pathtoks=\toks30
\pgfkeys@temptoks=\toks31

("C:\Program Files\MiKTeX 2.9\tex\generic\pgf\utilities\pgfkeysfiltered.code.tex"
\pgfkeys@tmptoks=\toks32
))
\pgf@x=\dimen155
\pgf@y=\dimen156
\pgf@xa=\dimen157
\pgf@ya=\dimen158
\pgf@xb=\dimen159
\pgf@yb=\dimen160
\pgf@xc=\dimen161
\pgf@yc=\dimen162
\w@pgf@writea=\write4
\r@pgf@reada=\read2
\c@pgf@counta=\count119
\c@pgf@countb=\count120
\c@pgf@countc=\count121
\c@pgf@countd=\count122
\t@pgf@toka=\toks33
\t@pgf@tokb=\toks34
\t@pgf@tokc=\toks35

("C:\Program Files\MiKTeX 2.9\tex\generic\pgf\systemlayer\pgf.cfg"
File: pgf.cfg 2008/05/14  (rcs-revision 1.7)
)
Driver file for pgf: pgfsys-pdftex.def

("C:\Program Files\MiKTeX 2.9\tex\generic\pgf\systemlayer\pgfsys-pdftex.def"
File: pgfsys-pdftex.def 2014/10/11  (rcs-revision 1.35)

("C:\Program Files\MiKTeX 2.9\tex\generic\pgf\systemlayer\pgfsys-common-pdf.def"
File: pgfsys-common-pdf.def 2013/10/10  (rcs-revision 1.13)
)))
("C:\Program Files\MiKTeX 2.9\tex\generic\pgf\systemlayer\pgfsyssoftpath.code.tex"
File: pgfsyssoftpath.code.tex 2013/09/09  (rcs-revision 1.9)
\pgfsyssoftpath@smallbuffer@items=\count123
\pgfsyssoftpath@bigbuffer@items=\count124
)
("C:\Program Files\MiKTeX 2.9\tex\generic\pgf\systemlayer\pgfsysprotocol.code.tex"
File: pgfsysprotocol.code.tex 2006/10/16  (rcs-revision 1.4)
))
("C:\Program Files\MiKTeX 2.9\tex\generic\pgf\basiclayer\pgfcore.code.tex"
Package: pgfcore 2010/04/11 v3.0.1a (rcs-revision 1.7)

("C:\Program Files\MiKTeX 2.9\tex\generic\pgf\math\pgfmath.code.tex"
("C:\Program Files\MiKTeX 2.9\tex\generic\pgf\math\pgfmathcalc.code.tex"
("C:\Program Files\MiKTeX 2.9\tex\generic\pgf\math\pgfmathutil.code.tex")
("C:\Program Files\MiKTeX 2.9\tex\generic\pgf\math\pgfmathparser.code.tex"
\pgfmath@dimen=\dimen163
\pgfmath@count=\count125
\pgfmath@box=\box34
\pgfmath@toks=\toks36
\pgfmath@stack@operand=\toks37
\pgfmath@stack@operation=\toks38
)
("C:\Program Files\MiKTeX 2.9\tex\generic\pgf\math\pgfmathfunctions.code.tex"
("C:\Program Files\MiKTeX 2.9\tex\generic\pgf\math\pgfmathfunctions.basic.code.tex")
("C:\Program Files\MiKTeX 2.9\tex\generic\pgf\math\pgfmathfunctions.trigonometric.code.tex")
("C:\Program Files\MiKTeX 2.9\tex\generic\pgf\math\pgfmathfunctions.random.code.tex")
("C:\Program Files\MiKTeX 2.9\tex\generic\pgf\math\pgfmathfunctions.comparison.code.tex")
("C:\Program Files\MiKTeX 2.9\tex\generic\pgf\math\pgfmathfunctions.base.code.tex")
("C:\Program Files\MiKTeX 2.9\tex\generic\pgf\math\pgfmathfunctions.round.code.tex")
("C:\Program Files\MiKTeX 2.9\tex\generic\pgf\math\pgfmathfunctions.misc.code.tex")
("C:\Program Files\MiKTeX 2.9\tex\generic\pgf\math\pgfmathfunctions.integerarithmetics.code.tex")))
("C:\Program Files\MiKTeX 2.9\tex\generic\pgf\math\pgfmathfloat.code.tex"
\c@pgfmathroundto@lastzeros=\count126
))
("C:\Program Files\MiKTeX 2.9\tex\generic\pgf\basiclayer\pgfcorepoints.code.tex"
File: pgfcorepoints.code.tex 2013/10/07  (rcs-revision 1.27)
\pgf@picminx=\dimen164
\pgf@picmaxx=\dimen165
\pgf@picminy=\dimen166
\pgf@picmaxy=\dimen167
\pgf@pathminx=\dimen168
\pgf@pathmaxx=\dimen169
\pgf@pathminy=\dimen170
\pgf@pathmaxy=\dimen171
\pgf@xx=\dimen172
\pgf@xy=\dimen173
\pgf@yx=\dimen174
\pgf@yy=\dimen175
\pgf@zx=\dimen176
\pgf@zy=\dimen177
)
("C:\Program Files\MiKTeX 2.9\tex\generic\pgf\basiclayer\pgfcorepathconstruct.code.tex"
File: pgfcorepathconstruct.code.tex 2013/10/07  (rcs-revision 1.29)
\pgf@path@lastx=\dimen178
\pgf@path@lasty=\dimen179
)
("C:\Program Files\MiKTeX 2.9\tex\generic\pgf\basiclayer\pgfcorepathusage.code.tex"
File: pgfcorepathusage.code.tex 2014/11/02  (rcs-revision 1.24)
\pgf@shorten@end@additional=\dimen180
\pgf@shorten@start@additional=\dimen181
)
("C:\Program Files\MiKTeX 2.9\tex\generic\pgf\basiclayer\pgfcorescopes.code.tex"
File: pgfcorescopes.code.tex 2015/05/08  (rcs-revision 1.46)
\pgfpic=\box35
\pgf@hbox=\box36
\pgf@layerbox@main=\box37
\pgf@picture@serial@count=\count127
)
("C:\Program Files\MiKTeX 2.9\tex\generic\pgf\basiclayer\pgfcoregraphicstate.code.tex"
File: pgfcoregraphicstate.code.tex 2014/11/02  (rcs-revision 1.12)
\pgflinewidth=\dimen182
)
("C:\Program Files\MiKTeX 2.9\tex\generic\pgf\basiclayer\pgfcoretransformations.code.tex"
File: pgfcoretransformations.code.tex 2015/08/07  (rcs-revision 1.20)
\pgf@pt@x=\dimen183
\pgf@pt@y=\dimen184
\pgf@pt@temp=\dimen185
)
("C:\Program Files\MiKTeX 2.9\tex\generic\pgf\basiclayer\pgfcorequick.code.tex"
File: pgfcorequick.code.tex 2008/10/09  (rcs-revision 1.3)
)
("C:\Program Files\MiKTeX 2.9\tex\generic\pgf\basiclayer\pgfcoreobjects.code.tex"
File: pgfcoreobjects.code.tex 2006/10/11  (rcs-revision 1.2)
)
("C:\Program Files\MiKTeX 2.9\tex\generic\pgf\basiclayer\pgfcorepathprocessing.code.tex"
File: pgfcorepathprocessing.code.tex 2013/09/09  (rcs-revision 1.9)
)
("C:\Program Files\MiKTeX 2.9\tex\generic\pgf\basiclayer\pgfcorearrows.code.tex"
File: pgfcorearrows.code.tex 2015/05/14  (rcs-revision 1.43)
\pgfarrowsep=\dimen186
)
("C:\Program Files\MiKTeX 2.9\tex\generic\pgf\basiclayer\pgfcoreshade.code.tex"
File: pgfcoreshade.code.tex 2013/07/15  (rcs-revision 1.15)
\pgf@max=\dimen187
\pgf@sys@shading@range@num=\count128
)
("C:\Program Files\MiKTeX 2.9\tex\generic\pgf\basiclayer\pgfcoreimage.code.tex"
File: pgfcoreimage.code.tex 2013/07/15  (rcs-revision 1.18)

("C:\Program Files\MiKTeX 2.9\tex\generic\pgf\basiclayer\pgfcoreexternal.code.tex"
File: pgfcoreexternal.code.tex 2014/07/09  (rcs-revision 1.21)
\pgfexternal@startupbox=\box38
))
("C:\Program Files\MiKTeX 2.9\tex\generic\pgf\basiclayer\pgfcorelayers.code.tex"
File: pgfcorelayers.code.tex 2013/07/18  (rcs-revision 1.7)
)
("C:\Program Files\MiKTeX 2.9\tex\generic\pgf\basiclayer\pgfcoretransparency.code.tex"
File: pgfcoretransparency.code.tex 2013/09/30  (rcs-revision 1.5)
)
("C:\Program Files\MiKTeX 2.9\tex\generic\pgf\basiclayer\pgfcorepatterns.code.tex"
File: pgfcorepatterns.code.tex 2013/11/07  (rcs-revision 1.5)
)))
("C:\Program Files\MiKTeX 2.9\tex\latex\tools\calc.sty"
Package: calc 2014/10/28 v4.3 Infix arithmetic (KKT,FJ)
\calc@Acount=\count129
\calc@Bcount=\count130
\calc@Adimen=\dimen188
\calc@Bdimen=\dimen189
\calc@Askip=\skip48
\calc@Bskip=\skip49
LaTeX Info: Redefining \setlength on input line 80.
LaTeX Info: Redefining \addtolength on input line 81.
\calc@Ccount=\count131
\calc@Cskip=\skip50
)
\pgf@logicalpages=\count132
\pgf@firstshipout=\count133
\pgf@lastshipout=\count134
\pgf@currentshipout=\count135
\pgf@cpn=\count136
\pgf@shipoutnextto=\count137
\pgfphysicalheight=\dimen190
\pgfphysicalwidth=\dimen191
\pgfpages@shipoutbox=\box39
) ("C:\Program Files\MiKTeX 2.9\tex\latex\fancyhdr\fancyhdr.sty"
Package: fancyhdr 2016/09/06 3.8 Extensive control of page headers and footers
\fancy@headwidth=\skip51
\f@ncyO@elh=\skip52
\f@ncyO@erh=\skip53
\f@ncyO@olh=\skip54
\f@ncyO@orh=\skip55
\f@ncyO@elf=\skip56
\f@ncyO@erf=\skip57
\f@ncyO@olf=\skip58
\f@ncyO@orf=\skip59
) ("C:\Program Files\MiKTeX 2.9\tex\latex\lastpage\lastpage.sty"
Package: lastpage 2015/03/29 v1.2m Refers to last page's name (HMM; JPG)
)
("C:\Program Files\MiKTeX 2.9\tex\latex\emptypage\emptypage.sty"
Package: emptypage 2010/05/30 v1.2 Suppress page numbers and headings on empty pages
)
("C:\Program Files\MiKTeX 2.9\tex\latex\paralist\paralist.sty"
Package: paralist 2017/01/22 v2.7 Extended list environments
\pltopsep=\skip60
\plpartopsep=\skip61
\plitemsep=\skip62
\plparsep=\skip63
\pl@lab=\toks39
)
("C:\Program Files\MiKTeX 2.9\tex\latex\appendix\appendix.sty"
Package: appendix 2009/09/02 v1.2b extra appendix facilities
\c@@pps=\count138
\c@@ppsavesec=\count139
\c@@ppsaveapp=\count140
)
("C:\Program Files\MiKTeX 2.9\tex\latex\algorithm2e\algorithm2e.sty"
Package: algorithm2e 2013/01/06 v5.00 algorithms environments
\c@AlgoLine=\count141
\algocf@hangindent=\skip64

("C:\Program Files\MiKTeX 2.9\tex\latex\tools\xspace.sty"
Package: xspace 2014/10/28 v1.13 Space after command names (DPC,MH)
) ("C:\Program Files\MiKTeX 2.9\tex\latex\ltxmisc\relsize.sty"
Package: relsize 2003/07/04 ver 3.1
)
********************************************************
Package `algorithm2e' Release 5.1 -- october 19 2015 --
- algorithm2e-announce@lirmm.fr mailing list for announcement about releases
- algorithm2e-discussion@lirmm.fr mailing list for discussion about package
subscribe by emailing sympa@lirmm.fr with 'subscribe <list> <firstname name>'
- Author: Christophe Fiorio (christophe.fiorio@umontpellier.fr)
********************************************************
\skiptotal=\skip65
\skiplinenumber=\skip66
\skiprule=\skip67
\skiphlne=\skip68
\skiptext=\skip69
\skiplength=\skip70
\algomargin=\skip71
\skipalgocfslide=\skip72
\algowidth=\dimen192
\inoutsize=\dimen193
\inoutindent=\dimen194
\interspacetitleruled=\dimen195
\interspacealgoruled=\dimen196
\interspacetitleboxruled=\dimen197
\algocf@ruledwidth=\skip73
\algocf@inoutbox=\box40
\algocf@inputbox=\box41
\AlCapSkip=\skip74
\AlCapHSkip=\skip75
\algoskipindent=\skip76
\algocf@nlbox=\box42
\algocf@hangingbox=\box43
\algocf@untilbox=\box44
\algocf@skipuntil=\skip77
\algocf@capbox=\box45
\algoheightruledefault=\skip78
\algoheightrule=\skip79
\algotitleheightruledefault=\skip80
\algotitleheightrule=\skip81
\c@algocfline=\count142
\c@algocfproc=\count143
\c@algocf=\count144
\algocf@algoframe=\box46
\algocf@algobox=\box47
) ("C:\Program Files\MiKTeX 2.9\tex\latex\ucs\ucs.sty"
Package: ucs 2013/05/11 v2.2 UCS: Unicode input support
 ("C:\Program Files\MiKTeX 2.9\tex\latex\ucs\uni-global.def"
File: uni-global.def 2013/05/13 UCS: Unicode global data
)
\uc@secondtry=\count145
\uc@combtoks=\toks40
\uc@combtoksb=\toks41
\uc@temptokena=\toks42
)
("C:\Program Files\MiKTeX 2.9\tex\latex\base\inputenc.sty"
Package: inputenc 2015/03/17 v1.2c Input encoding file
\inpenc@prehook=\toks43
\inpenc@posthook=\toks44
 ("C:\Program Files\MiKTeX 2.9\tex\latex\ucs\utf8x.def"
File: utf8x.def 2004/10/17 UCS: Input encoding UTF-8
))
("C:\Program Files\MiKTeX 2.9\tex\latex\base\fontenc.sty"
Package: fontenc 2017/01/24 v2.0c Standard LaTeX package
 ("C:\Program Files\MiKTeX 2.9\tex\latex\base\t1enc.def"
File: t1enc.def 2017/01/24 v2.0c Standard LaTeX file
LaTeX Font Info:    Redeclaring font encoding T1 on input line 48.
))
("C:\Program Files\MiKTeX 2.9\tex\latex\siunits\SIunits.sty"
Package: SIunits 2007/12/02 v1.36 Support for the International System of units (MH)


\@qskwidth=\skip82
\symgreek=\mathgroup5
("C:\Program Files\MiKTeX 2.9\tex\latex\siunits\SIunits.cfg"))
("C:\Program Files\MiKTeX 2.9\tex\latex\shorttoc\shorttoc.sty"
Package: shorttoc 2002/08/20 v1.3 Short table of contents (JPFD)
)
("C:\Program Files\MiKTeX 2.9\tex\latex\hyperref\hyperref.sty"
Package: hyperref 2016/06/24 v6.83q Hypertext links for LaTeX

("C:\Program Files\MiKTeX 2.9\tex\generic\oberdiek\hobsub-hyperref.sty"
Package: hobsub-hyperref 2016/05/16 v1.14 Bundle oberdiek, subset hyperref (HO)

("C:\Program Files\MiKTeX 2.9\tex\generic\oberdiek\hobsub-generic.sty"
Package: hobsub-generic 2016/05/16 v1.14 Bundle oberdiek, subset generic (HO)
Package: hobsub 2016/05/16 v1.14 Construct package bundles (HO)
Package hobsub Info: Skipping package `infwarerr' (already loaded).
Package hobsub Info: Skipping package `ltxcmds' (already loaded).
Package: ifluatex 2016/05/16 v1.4 Provides the ifluatex switch (HO)
Package ifluatex Info: LuaTeX not detected.
Package: ifvtex 2016/05/16 v1.6 Detect VTeX and its facilities (HO)
Package ifvtex Info: VTeX not detected.
Package: intcalc 2016/05/16 v1.2 Expandable calculations with integers (HO)
Package hobsub Info: Skipping package `ifpdf' (already loaded).
Package: etexcmds 2016/05/16 v1.6 Avoid name clashes with e-TeX commands (HO)
Package etexcmds Info: Could not find \expanded.
(etexcmds)             That can mean that you are not using pdfTeX 1.50 or
(etexcmds)             that some package has redefined \expanded.
(etexcmds)             In the latter case, load this package earlier.
Package: kvsetkeys 2016/05/16 v1.17 Key value parser (HO)
Package: kvdefinekeys 2016/05/16 v1.4 Define keys (HO)
Package: pdftexcmds 2016/05/21 v0.22 Utility functions of pdfTeX for LuaTeX (HO)
Package pdftexcmds Info: LuaTeX not detected.
Package pdftexcmds Info: \pdf@primitive is available.
Package pdftexcmds Info: \pdf@ifprimitive is available.
Package pdftexcmds Info: \pdfdraftmode found.
Package: pdfescape 2016/05/16 v1.14 Implements pdfTeX's escape features (HO)
Package: bigintcalc 2016/05/16 v1.4 Expandable calculations on big integers (HO)
Package: bitset 2016/05/16 v1.2 Handle bit-vector datatype (HO)
Package: uniquecounter 2016/05/16 v1.3 Provide unlimited unique counter (HO)
)
Package hobsub Info: Skipping package `hobsub' (already loaded).
Package: letltxmacro 2016/05/16 v1.5 Let assignment for LaTeX macros (HO)
Package: hopatch 2016/05/16 v1.3 Wrapper for package hooks (HO)
Package: xcolor-patch 2016/05/16 xcolor patch
Package: atveryend 2016/05/16 v1.9 Hooks at the very end of document (HO)
Package atveryend Info: \enddocument detected (standard20110627).
Package: atbegshi 2016/06/09 v1.18 At begin shipout hook (HO)
Package: refcount 2016/05/16 v3.5 Data extraction from label references (HO)
Package: hycolor 2016/05/16 v1.8 Color options for hyperref/bookmark (HO)
)
("C:\Program Files\MiKTeX 2.9\tex\generic\ifxetex\ifxetex.sty"
Package: ifxetex 2010/09/12 v0.6 Provides ifxetex conditional
)
("C:\Program Files\MiKTeX 2.9\tex\latex\oberdiek\auxhook.sty"
Package: auxhook 2016/05/16 v1.4 Hooks for auxiliary files (HO)
)
("C:\Program Files\MiKTeX 2.9\tex\latex\oberdiek\kvoptions.sty"
Package: kvoptions 2016/05/16 v3.12 Key value format for package options (HO)
)
\@linkdim=\dimen198
\Hy@linkcounter=\count146
\Hy@pagecounter=\count147

("C:\Program Files\MiKTeX 2.9\tex\latex\hyperref\pd1enc.def"
File: pd1enc.def 2016/06/24 v6.83q Hyperref: PDFDocEncoding definition (HO)
)
\Hy@SavedSpaceFactor=\count148

("C:\Program Files\MiKTeX 2.9\tex\latex\00miktex\hyperref.cfg"
File: hyperref.cfg 2002/06/06 v1.2 hyperref configuration of TeXLive
)
Package hyperref Info: Option `pdfpagelabels' set `true' on input line 4362.
Package hyperref Info: Hyper figures OFF on input line 4486.
Package hyperref Info: Link nesting OFF on input line 4491.
Package hyperref Info: Hyper index ON on input line 4494.
Package hyperref Info: Plain pages OFF on input line 4501.
Package hyperref Info: Backreferencing OFF on input line 4506.
Package hyperref Info: Implicit mode ON; LaTeX internals redefined.
Package hyperref Info: Bookmarks ON on input line 4735.
\c@Hy@tempcnt=\count149
 ("C:\Program Files\MiKTeX 2.9\tex\latex\url\url.sty"
\Urlmuskip=\muskip11
Package: url 2013/09/16  ver 3.4  Verb mode for urls, etc.
)
LaTeX Info: Redefining \url on input line 5088.
\XeTeXLinkMargin=\dimen199
\Fld@menulength=\count150
\Field@Width=\dimen256
\Fld@charsize=\dimen257
Package hyperref Info: Hyper figures OFF on input line 6342.
Package hyperref Info: Link nesting OFF on input line 6347.
Package hyperref Info: Hyper index ON on input line 6350.
Package hyperref Info: backreferencing OFF on input line 6357.
Package hyperref Info: Link coloring OFF on input line 6362.
Package hyperref Info: Link coloring with OCG OFF on input line 6367.
Package hyperref Info: PDF/A mode OFF on input line 6372.
LaTeX Info: Redefining \ref on input line 6412.
LaTeX Info: Redefining \pageref on input line 6416.
\Hy@abspage=\count151
\c@Item=\count152
\c@Hfootnote=\count153
)

Package hyperref Message: Driver: hpdftex.

("C:\Program Files\MiKTeX 2.9\tex\latex\hyperref\hpdftex.def"
File: hpdftex.def 2016/06/24 v6.83q Hyperref driver for pdfTeX
\Fld@listcount=\count154
\c@bookmark@seq@number=\count155

("C:\Program Files\MiKTeX 2.9\tex\latex\oberdiek\rerunfilecheck.sty"
Package: rerunfilecheck 2016/05/16 v1.8 Rerun checks for auxiliary files (HO)
Package uniquecounter Info: New unique counter `rerunfilecheck' on input line 282.
)
\Hy@SectionHShift=\skip83
)
\hour=\count156
\minute=\count157
\dow=\count158
\leap=\count159
\x=\count160
\y=\count161

("C:\Program Files\MiKTeX 2.9\tex\latex\listings\lstlang1.sty"
File: lstlang1.sty 2015/06/04 1.6 listings language file
)
("C:\Program Files\MiKTeX 2.9\tex\latex\listings\lstmisc.sty"
File: lstmisc.sty 2015/06/04 1.6 (Carsten Heinz)
)) (HAL9000.aux (ch1.aux) (ch2.aux) (ch3.aux) (ch4.aux)
(apendix.aux))
\openout1 = `HAL9000.aux'.

LaTeX Font Info:    Checking defaults for OML/cmm/m/it on input line 15.
LaTeX Font Info:    ... okay on input line 15.
LaTeX Font Info:    Checking defaults for T1/cmr/m/n on input line 15.
LaTeX Font Info:    ... okay on input line 15.
LaTeX Font Info:    Checking defaults for OT1/cmr/m/n on input line 15.
LaTeX Font Info:    ... okay on input line 15.
LaTeX Font Info:    Checking defaults for OMS/cmsy/m/n on input line 15.
LaTeX Font Info:    ... okay on input line 15.
LaTeX Font Info:    Checking defaults for OMX/cmex/m/n on input line 15.
LaTeX Font Info:    ... okay on input line 15.
LaTeX Font Info:    Checking defaults for U/cmr/m/n on input line 15.
LaTeX Font Info:    ... okay on input line 15.
LaTeX Font Info:    Checking defaults for TS1/cmr/m/n on input line 15.
LaTeX Font Info:    Try loading font information for TS1+cmr on input line 15.
 ("C:\Program Files\MiKTeX 2.9\tex\latex\base\ts1cmr.fd"
File: ts1cmr.fd 2014/09/29 v2.5h Standard LaTeX font definitions
)
LaTeX Font Info:    ... okay on input line 15.
LaTeX Font Info:    Checking defaults for PD1/pdf/m/n on input line 15.
LaTeX Font Info:    ... okay on input line 15.

("C:\Program Files\MiKTeX 2.9\tex\context\base\supp-pdf.mkii"
[Loading MPS to PDF converter (version 2006.09.02).]
\scratchcounter=\count162
\scratchdimen=\dimen258
\scratchbox=\box48
\nofMPsegments=\count163
\nofMParguments=\count164
\everyMPshowfont=\toks45
\MPscratchCnt=\count165
\MPscratchDim=\dimen259
\MPnumerator=\count166
\makeMPintoPDFobject=\count167
\everyMPtoPDFconversion=\toks46
) ("C:\Program Files\MiKTeX 2.9\tex\latex\oberdiek\epstopdf-base.sty"
Package: epstopdf-base 2016/05/15 v2.6 Base part for package epstopdf

("C:\Program Files\MiKTeX 2.9\tex\latex\oberdiek\grfext.sty"
Package: grfext 2016/05/16 v1.2 Manage graphics extensions (HO)
)
Package epstopdf-base Info: Redefining graphics rule for `.eps' on input line 438.
Package grfext Info: Graphics extension search list:
(grfext)             [.png,.pdf,.jpg,.mps,.jpeg,.jbig2,.jb2,.PNG,.PDF,.JPG,.JPEG,.JBIG2,.JB2,.eps]
(grfext)             \AppendGraphicsExtensions on input line 456.
)
LaTeX Font Info:    Try loading font information for U+lasy on input line 15.
 ("C:\Program Files\MiKTeX 2.9\tex\latex\base\ulasy.fd"
File: ulasy.fd 1998/08/17 v2.2e LaTeX symbol font definitions
)
Package xypdf Info: Line width: 0.47998pt on input line 15.
\c@lstlisting=\count168

ABD: EveryShipout initializing macros
Package lastpage Info: Please have a look at the pageslts package at
(lastpage)             https://www.ctan.org/pkg/pageslts
(lastpage)             ! on input line 15.
 ("C:\Program Files\MiKTeX 2.9\tex\latex\ucs\ucsencs.def"
File: ucsencs.def 2011/01/21 Fixes to fontencodings LGR, T3
)
\AtBeginShipoutBox=\box49
Package hyperref Info: Link coloring OFF on input line 15.

("C:\Program Files\MiKTeX 2.9\tex\latex\hyperref\nameref.sty"
Package: nameref 2016/05/21 v2.44 Cross-referencing by name of section

("C:\Program Files\MiKTeX 2.9\tex\generic\oberdiek\gettitlestring.sty"
Package: gettitlestring 2016/05/16 v1.5 Cleanup title references (HO)
)
\c@section@level=\count169
)
LaTeX Info: Redefining \ref on input line 15.
LaTeX Info: Redefining \pageref on input line 15.
LaTeX Info: Redefining \nameref on input line 15.
 (HAL9000.out) (HAL9000.out)
\@outlinefile=\write5
\openout5 = `HAL9000.out'.


<figures/header-utcn-engleza.png, id=451, 691.58376pt x 98.3675pt>
File: figures/header-utcn-engleza.png Graphic file (type png)
 <use figures/header-utcn-engleza.png>
Package pdftex.def Info: figures/header-utcn-engleza.png used on input line 72.
(pdftex.def)             Requested size: 459.0pt x 65.28746pt.


Package Fancyhdr Warning: \headheight is too small (55.0pt): 
 Make it at least 69.6375pt.
 We now make it that large for the rest of the document.
 This may cause the page layout to be inconsistent, however.

[1

{C:/ProgramData/MiKTeX/2.9/pdftex/config/pdftex.map} <./figures/header-utcn-engleza.png (PNG copy)>] (HAL9000.toc
[1

] [2] [3])
\tf@toc=\write6
\openout6 = `HAL9000.toc'.

 [4]
\openout2 = `ch1.aux'.

 (ch1.tex
Chapter 1.
LaTeX Font Info:    Try loading font information for OMS+aer on input line 29.
("C:\Program Files\MiKTeX 2.9\tex\latex\ae\omsaer.fd"
File: omsaer.fd 1999/12/27
)
LaTeX Font Info:    Font shape `OMS/aer/m/n' in size <12> not available
(Font)              Font shape `OMS/cmsy/m/n' tried instead on input line 29.
pdfTeX warning (ext4): destination with the same identifier (name{page.1}) has been already used, duplicate ignored
<to be read again> 
                   \relax 
l.37 
      [1


]
LaTeX Font Info:    Try loading font information for T1+aett on input line 82.
 ("C:\Program Files\MiKTeX 2.9\tex\latex\ae\t1aett.fd"
File: t1aett.fd 1997/11/16 Font definitions for T1/aett.
) ("C:\Program Files\MiKTeX 2.9\tex\latex\ucs\uni-0.def"
File: uni-0.def 2013/05/13 UCS: Unicode data U+0000..U+00FF
) [2] [3] [4] [5] [6] ("C:\Program Files\MiKTeX 2.9\tex\latex\ucs\uni-32.def"
File: uni-32.def 2013/05/13 UCS: Unicode data U+2000..U+20FF
) [7]

LaTeX Warning: Hyper reference `chap:ProjDoc' on page 8 undefined on input line 336.


LaTeX Warning: Reference `chap:ProjDoc' on page 8 undefined on input line 336.


LaTeX Warning: Reference `chap:ProjDoc' on page 8 undefined on input line 336.

[8] [9]) [10]
\openout2 = `ch2.aux'.

 (ch2.tex
Chapter 2.
[11



] [12] [13]

LaTeX Font Warning: Font shape `T1/aett/bx/n' undefined
(Font)              using `T1/aett/m/n' instead on input line 148.

[14] <figures/PriorityInversion.png, id=762, 342.5297pt x 270.25969pt>
File: figures/PriorityInversion.png Graphic file (type png)
 <use figures/PriorityInversion.png>
Package pdftex.def Info: figures/PriorityInversion.png used on input line 236.
(pdftex.def)             Requested size: 342.52885pt x 270.25902pt.
 [15] [16 <./figures/PriorityInversion.png>]
Overfull \hbox (0.15654pt too wide) in paragraph at lines 301--304
[]\T1/aer/m/n/12 Contains the low-level im-ple-men-ta-tion of the mech-a-nisms re-quired for thread startup
 []

[17]
Overfull \hbox (59.1081pt too wide) in paragraph at lines 352--352
[]\T1/aett/m/n/12 src/HAL9000/src/ex_system.c           |  247 +++++++++++++++++++++++++++++++++++++++[] 
 []


Overfull \hbox (52.94014pt too wide) in paragraph at lines 352--352
[]\T1/aett/m/n/12 src/HAL9000/src/thread.c              |  156 +++++++++++++++++++++++++++++++++++++-[] 
 []


Underfull \hbox (badness 10000) in paragraph at lines 357--358

 []


Underfull \hbox (badness 10000) in paragraph at lines 369--370

 []


Underfull \hbox (badness 10000) in paragraph at lines 377--378

 []

[18]
Underfull \hbox (badness 10000) in paragraph at lines 385--386

 []


Underfull \hbox (badness 10000) in paragraph at lines 395--396

 []


Underfull \hbox (badness 10000) in paragraph at lines 405--406

 []


Underfull \hbox (badness 10000) in paragraph at lines 412--413

 []


Underfull \hbox (badness 10000) in paragraph at lines 419--420

 []

) [19]
\openout2 = `ch3.aux'.

 (ch3.tex [20



]
Chapter 3.
[21]
Underfull \vbox (badness 1122) has occurred while \output is active []

 [22]
Overfull \hbox (5.41284pt too wide) in paragraph at lines 100--105
[]\T1/aer/m/n/12 These user-mode ap-pli-ca-tion projects must be con-fig-ured in a spe-cial way so HAL9000
 []


Overfull \hbox (13.35286pt too wide) in paragraph at lines 100--105
\T1/aer/m/n/12 user ap-pli-ca-tions to the so-lu-tion: \T1/aer/m/it/12 HAL9000_UserApplication.zip \T1/aer/m/n/12 and \T
1/aer/m/it/12 HAL9000_UserMain.zip\T1/aer/m/n/12 :
 []


Overfull \hbox (6.39134pt too wide) in paragraph at lines 129--133
\T1/aer/m/it/12 VA_ALLOCATIONS_START_OFFSET_FROM_IMAGE_BASE \T1/aer/m/n/12 (cur-rently de-fined as 1GB).
 []

[23]
Underfull \vbox (badness 10000) has occurred while \output is active []

 [24] [25]
Overfull \hbox (13.54788pt too wide) in paragraph at lines 248--253
[]\T1/aer/m/n/12 When you're done with this part and with [][] \T1/aer/bx/n/12 3.2.4[] [Han-dling user-mode exceptions[]
][][]\T1/aer/m/n/12 ,
 []

[26] [27]
Overfull \hbox (59.1081pt too wide) in paragraph at lines 376--376
[]\T1/aett/m/n/12 src/HAL9000/src/syscall.c               |  636 ++++++++++++++++++++++++++++++++++++-[] 
 []


Overfull \hbox (52.94014pt too wide) in paragraph at lines 376--376
[]\T1/aett/m/n/12 src/HAL9000/src/syscall_func.c          |  541 ++++++++++++++++++++++++++++++++++++[] 
 []

[28]
Underfull \hbox (badness 10000) in paragraph at lines 378--379

 []


Underfull \hbox (badness 10000) in paragraph at lines 386--387

 []


Underfull \hbox (badness 10000) in paragraph at lines 394--395

 []


Underfull \hbox (badness 10000) in paragraph at lines 400--401

 []


Underfull \hbox (badness 10000) in paragraph at lines 406--407

 []

) [29]
\openout2 = `ch4.aux'.

 (ch4.tex [30



]
Chapter 4.

Underfull \vbox (badness 1917) has occurred while \output is active []

 [31] [32]
Overfull \hbox (15.93242pt too wide) in paragraph at lines 146--146
[]\T1/aett/m/n/12 /      PML4    |      PDPT    |       PD     |       PT     |       Data Page[] 
 []


Overfull \hbox (28.26833pt too wide) in paragraph at lines 146--146
[]\T1/aett/m/n/12 /    ._______. |    ._______. |    ._______. |    ._______. |    .____________.[] 
 []


Overfull \hbox (28.26833pt too wide) in paragraph at lines 146--146
[]\T1/aett/m/n/12 | 511|_______| | 511|_______| | 511|_______| | 511|_______| |    |____________|[] 
 []


Overfull \hbox (28.26833pt too wide) in paragraph at lines 146--146
[]\T1/aett/m/n/12 | 510|_______| | 510|_______| | 510|_______| | 510|_______| |    |____________|[] 
 []


Overfull \hbox (28.26833pt too wide) in paragraph at lines 146--146
[]\T1/aett/m/n/12 | 509|_______| | 509|_______| | 509|_______| | 509|_______| |    |____________|[] 
 []


Overfull \hbox (28.26833pt too wide) in paragraph at lines 146--146
[]\T1/aett/m/n/12 | 508|_______| | 508|_______| | 508|_______| | 508|_______| |    |____________|[] 
 []


Overfull \hbox (28.26833pt too wide) in paragraph at lines 146--146
[]\T1/aett/m/n/12 |    |       | |    |       | |    |       | |    |       | |    |            |[] 
 []


Overfull \hbox (28.26833pt too wide) in paragraph at lines 146--146
[]\T1/aett/m/n/12 |    |       | \___\|   .   | \___\|   .   | \___\|   .   | \___\|     .      |[] 
 []


Overfull \hbox (28.26833pt too wide) in paragraph at lines 146--146
[]\T1/aett/m/n/12 |    |   .   |     /|   .   |     /|   .   |     /|   .   |     /|     .      |[] 
 []


Overfull \hbox (28.26833pt too wide) in paragraph at lines 146--146
[]\T1/aett/m/n/12 \___\|   .   |_     |   .   |_     |   .   |_     |   .   |_     |     .      |[] 
 []


Overfull \hbox (28.26833pt too wide) in paragraph at lines 146--146
[]    \T1/aett/m/n/12 /|   .   | \    |   .   | \    |   .   | \    |   .   | \    |     .      |[] 
 []


Overfull \hbox (28.26833pt too wide) in paragraph at lines 146--146
[]     \T1/aett/m/n/12 |   .   | |    |   .   | |    |   .   | |    |   .   | |    |     .      |[] 
 []


Overfull \hbox (28.26833pt too wide) in paragraph at lines 146--146
[]     \T1/aett/m/n/12 |       | |    |       | |    |       | |    |       | |    |            |[] 
 []


Overfull \hbox (28.26833pt too wide) in paragraph at lines 146--146
[]     \T1/aett/m/n/12 |_______| |    |_______| |    |_______| |    |_______| |    |____________|[] 
 []


Overfull \hbox (28.26833pt too wide) in paragraph at lines 146--146
[]    \T1/aett/m/n/12 4|_______| |   4|_______| |   4|_______| |   4|_______| |    |____________|[] 
 []


Overfull \hbox (28.26833pt too wide) in paragraph at lines 146--146
[]    \T1/aett/m/n/12 3|_______| |   3|_______| |   3|_______| |   3|_______| |    |____________|[] 
 []


Overfull \hbox (28.26833pt too wide) in paragraph at lines 146--146
[]    \T1/aett/m/n/12 2|_______| |   2|_______| |   2|_______| |   2|_______| |    |____________|[] 
 []


Overfull \hbox (28.26833pt too wide) in paragraph at lines 146--146
[]    \T1/aett/m/n/12 1|_______| |   1|_______| |   1|_______| |   1|_______| |    |____________|[] 
 []


Overfull \hbox (28.26833pt too wide) in paragraph at lines 146--146
[]    \T1/aett/m/n/12 0|_______| \__\0|_______| \__\0|_______| \__\0|_______| \__\ |____________|[] 
 []

[33] [34] [35] [36]
Overfull \hbox (29.012pt too wide) in paragraph at lines 292--296
[]\T1/aer/m/n/12 You may ob-tain the swap file us-ing \T1/aer/m/it/12 IomuGetSwap-File()\T1/aer/m/n/12 , once you have t
he \T1/aer/m/it/12 FILE_OBJECT
 []

[37]
Overfull \hbox (14.15553pt too wide) in paragraph at lines 325--328
\T1/aer/m/n/12 stead of di-rectly pro-vid-ing a FILE_OBJECT struc-ture these sys-tem calls take a UM_HANDLE
 []

[38] [39] [40]
Underfull \hbox (badness 10000) in paragraph at lines 491--492

 []


Underfull \hbox (badness 10000) in paragraph at lines 499--500

 []


Underfull \hbox (badness 10000) in paragraph at lines 507--508

 []

[41]) [42]
\openout2 = `apendix.aux'.

 (apendix.tex
Appendix A.
[43



] [44] [45] [46] [47] [48]
Underfull \vbox (badness 1478) has occurred while \output is active []

 [49] [50] [51] [52]
Underfull \vbox (badness 10000) has occurred while \output is active []

 [53] [54]
Underfull \vbox (badness 10000) has occurred while \output is active []

 [55]
Underfull \vbox (badness 10000) has occurred while \output is active []

 [56] [57]
<figures/ThreadStates.png, id=1471, 331.47461pt x 378.42165pt>
File: figures/ThreadStates.png Graphic file (type png)
 <use figures/ThreadStates.png>
Package pdftex.def Info: figures/ThreadStates.png used on input line 809.
(pdftex.def)             Requested size: 331.47379pt x 378.42072pt.
 [58 <./figures/ThreadStates.png>] [59]
Overfull \hbox (10.71669pt too wide) in paragraph at lines 896--900
[]\T1/aer/m/n/12 If the main thread wishes to cre-ate ad-di-tional threads it should call \T1/aer/m/it/12 Um-Cre-ateThre
ad()\T1/aer/m/n/12 .
 []

[60] [61] [62] [63] [64] [65] [66]
Underfull \vbox (badness 10000) has occurred while \output is active []

 [67] [68]
Underfull \vbox (badness 10000) has occurred while \output is active []

 [69]
<figures/UserStackInit.png, id=1931, 532.99126pt x 692.5875pt>
File: figures/UserStackInit.png Graphic file (type png)
 <use figures/UserStackInit.png>
Package pdftex.def Info: figures/UserStackInit.png used on input line 1475.
(pdftex.def)             Requested size: 453.04471pt x 588.70215pt.


LaTeX Warning: Float too large for page by 6.53001pt on input line 1478.

[70] [71] [72 <./figures/UserStackInit.png>] [73] [74]
Underfull \vbox (badness 10000) has occurred while \output is active []

 [75] [76] [77] [78] [79] [80]
Overfull \hbox (20.98749pt too wide) in paragraph at lines 1998--2003
[]\T1/aer/m/n/12 The PMM tracks the avail-abil-ity of phys-i-cal frames in the \T1/aer/m/it/12 m_pmmData.AllocationBitma
p
 []

[81] [82] [83]
Overfull \hbox (0.92303pt too wide) in paragraph at lines 2167--2170
[]\T1/aer/m/n/12 The next step is to ac-tu-ally map the VA to the newly ac-quired PA through \T1/aer/m/it/12 MmuMap-
 []

[84] <figures/LinearToPhysical.png, id=2345, 578.91281pt x 442.65375pt>
File: figures/LinearToPhysical.png Graphic file (type png)
 <use figures/LinearToPhysical.png>
Package pdftex.def Info: figures/LinearToPhysical.png used on input line 2203.
(pdftex.def)             Requested size: 492.07822pt x 376.25745pt.

Overfull \hbox (33.07822pt too wide) in paragraph at lines 2203--2204
 [][] 
 []

[85] [86 <./figures/LinearToPhysical.png>] [87] [88] [89]
Overfull \hbox (4.6329pt too wide) in paragraph at lines 2414--2417
[]\T1/aer/m/n/12 HAL9000 pro-vides a ba-sic im-ple-men-ta-tion of a hash ta-ble through the HASH_TABLE
 []

[90] [91]
Overfull \hbox (11.68016pt too wide) in paragraph at lines 2490--2494
\T1/aer/m/n/12 cause the size of the key, the hash-ing func-tion and the off-set be-tween the HASH_ENTRY
 []


Overfull \hbox (15.07785pt too wide) in paragraph at lines 2501--2502
[]\T1/aer/bx/n/12 NOTE: while it is pos-si-ble to sim-ply per-form a RemoveEntryList(&pProcess-
 []

[92] [93] [94] [95] [96

]
Appendix B.
[97] [98]
Overfull \hbox (20.69456pt too wide) in paragraph at lines 2771--2776
\T1/aer/m/it/12 DE-VICE_MASK \T1/aer/m/n/12 we find the sta-tus name be-ing \T1/aer/m/it/12 STA-TUS_DEVICE_DOES_NOT_EXIS
T\T1/aer/m/n/12 . 
 []

[99] [100] [101]
Overfull \hbox (22.10037pt too wide) in paragraph at lines 2993--2993
[]\T1/aett/m/n/12 [ERROR][isr.c][149]Could not handle exception 0xE [#PF - Page-Fault Exception][] 
 []

[102]
Underfull \vbox (badness 10000) has occurred while \output is active []

 [103]
Overfull \hbox (46.77219pt too wide) in paragraph at lines 2993--2993
[]\T1/aett/m/n/12 [ERROR][hal_assert.c][33][CPU:00][ASSERT][isr.c][152]Condition: (exceptionHandled)[] 
 []

<figures/IdaFaulting.png, id=2620, 697.10437pt x 570.63188pt>
File: figures/IdaFaulting.png Graphic file (type png)
 <use figures/IdaFaulting.png>
Package pdftex.def Info: figures/IdaFaulting.png used on input line 3013.
(pdftex.def)             Requested size: 487.96973pt x 399.43959pt.

Overfull \hbox (28.96973pt too wide) in paragraph at lines 3013--3014
 [][] 
 []

<figures/IdaReferences.png, id=2621, 601.4972pt x 261.22594pt>
File: figures/IdaReferences.png Graphic file (type png)
 <use figures/IdaReferences.png>
Package pdftex.def Info: figures/IdaReferences.png used on input line 3020.
(pdftex.def)             Requested size: 421.04517pt x 182.85689pt.

Overfull \hbox (125.57643pt too wide) in paragraph at lines 3050--3054
\T1/aer/m/n/12 want more data dumped from the stack we can in-crease the value of \T1/aer/m/it/12 STACK_BYTES_TO_DUMP_ON
_EXCEPTION
 []

[104] [105 <./figures/IdaFaulting.png>] [106 <./figures/IdaReferences.png>] [107] [108

]
Appendix C.
[109]
Overfull \hbox (39.12726pt too wide) in paragraph at lines 3149--3150
[]\T1/aer/m/n/12 And the fol-low-ing line af-ter "if _%COMPUTERNAME%_==_ALEX-PC_ goto config_ALEX-
 []


Overfull \hbox (26.80325pt too wide) in paragraph at lines 3152--3152
 []\T1/aett/m/n/12 if _%COMPUTERNAME%_==_\var{COMPUTER_NAME}_ goto config_\var{COMPUTER_NAME}[] 
 []

<figures/AutoFolder.png, id=2667, 509.65407pt x 206.27063pt>
File: figures/AutoFolder.png Graphic file (type png)
 <use figures/AutoFolder.png>
Package pdftex.def Info: figures/AutoFolder.png used on input line 3174.
(pdftex.def)             Requested size: 387.33333pt x 156.76414pt.

<figures/AutoFolderTC.png, id=2669, 724.20563pt x 118.19156pt>
File: figures/AutoFolderTC.png Graphic file (type png)
 <use figures/AutoFolderTC.png>
Package pdftex.def Info: figures/AutoFolderTC.png used on input line 3181.
(pdftex.def)             Requested size: 506.94048pt x 82.73352pt.

Overfull \hbox (47.94048pt too wide) in paragraph at lines 3181--3182
 [][] 
 []

[110] <figures/VMWare_VirtNetMenu.png, id=2682, 532.23843pt x 499.11469pt>
File: figures/VMWare_VirtNetMenu.png Graphic file (type png)
 <use figures/VMWare_VirtNetMenu.png>
Package pdftex.def Info: figures/VMWare_VirtNetMenu.png used on input line 3205.
(pdftex.def)             Requested size: 266.11856pt x 249.55672pt.

<figures/VMWare_AddVirtNet.png, id=2684, 446.41782pt x 395.22656pt>
File: figures/VMWare_AddVirtNet.png Graphic file (type png)
 <use figures/VMWare_AddVirtNet.png>
Package pdftex.def Info: figures/VMWare_AddVirtNet.png used on input line 3217.
(pdftex.def)             Requested size: 334.81253pt x 296.41919pt.

<figures/VMWare_VirtNetConf.png, id=2686, 446.41782pt x 395.22656pt>
File: figures/VMWare_VirtNetConf.png Graphic file (type png)
 <use figures/VMWare_VirtNetConf.png>
Package pdftex.def Info: figures/VMWare_VirtNetConf.png used on input line 3230.
(pdftex.def)             Requested size: 334.81253pt x 296.41919pt.
 [111 <./figures/AutoFolder.png> <./figures/AutoFolderTC.png>] [112 <./figures/VMWare_VirtNetMenu.png>] [113 <./figures/
VMWare_AddVirtNet.png>] [114 <./figures/VMWare_VirtNetConf.png>] <figures/VMArchitecture.png, id=2714, 531.48563pt x 313
.9228pt>
File: figures/VMArchitecture.png Graphic file (type png)

<use figures/VMArchitecture.png>
Package pdftex.def Info: figures/VMArchitecture.png used on input line 3269.
(pdftex.def)             Requested size: 510.22852pt x 301.36725pt.

Overfull \hbox (51.22852pt too wide) in paragraph at lines 3269--3270
 [][] 
 []

[115 <./figures/VMArchitecture.png>] <figures/DHCPFail.png, id=2723, 567.62062pt x 196.48407pt>
File: figures/DHCPFail.png Graphic file (type png)

<use figures/DHCPFail.png>
Package pdftex.def Info: figures/DHCPFail.png used on input line 3297.
(pdftex.def)             Requested size: 488.15286pt x 168.976pt.

Overfull \hbox (29.15286pt too wide) in paragraph at lines 3297--3298
 [][] 
 []

<figures/TFTPFail.png, id=2725, 591.71063pt x 151.3153pt>
File: figures/TFTPFail.png Graphic file (type png)
 <use figures/TFTPFail.png>
Package pdftex.def Info: figures/TFTPFail.png used on input line 3314.
(pdftex.def)             Requested size: 508.87025pt x 130.13092pt.

Overfull \hbox (49.87025pt too wide) in paragraph at lines 3314--3315
 [][] 
 []

[116 <./figures/DHCPFail.png> <./figures/TFTPFail.png>]
<figures/BootFileNotFound.png, id=2735, 571.38469pt x 347.04657pt>
File: figures/BootFileNotFound.png Graphic file (type png)
 <use figures/BootFileNotFound.png>
Package pdftex.def Info: figures/BootFileNotFound.png used on input line 3335.
(pdftex.def)             Requested size: 491.38997pt x 298.45952pt.

Overfull \hbox (32.38997pt too wide) in paragraph at lines 3335--3336
 [][] 
 []

[117 <./figures/BootFileNotFound.png>] <figures/VS_Solution.png, id=2747, 796.47563pt x 1270.7475pt>
File: figures/VS_Solution.png Graphic file (type png)

<use figures/VS_Solution.png>
Package pdftex.def Info: figures/VS_Solution.png used on input line 3359.
(pdftex.def)             Requested size: 374.01546pt x 596.7014pt.


LaTeX Warning: Float too large for page by 14.52927pt on input line 3362.

[118] [119 <./figures/VS_Solution.png>] [120]
Appendix D.
[121

]) [122] (HAL9000.bbl
Underfull \hbox (badness 1960) in paragraph at lines 40--42
[]\T1/aer/m/n/12 ``Multiboot Spec-i-fi-ca-tion,'' []$http : / / www . gnu . org / software / grub / manual / multiboot /

 []

[123


]) [124] 
AED: lastpage setting LastPage
Package atveryend Info: Empty hook `BeforeClearDocument' on input line 112.
Package atveryend Info: Empty hook `AfterLastShipout' on input line 112.
(HAL9000.aux (ch1.aux) (ch2.aux) (ch3.aux) (ch4.aux) (apendix.aux))
Package atveryend Info: Executing hook `AtVeryEndDocument' on input line 112.
Package atveryend Info: Executing hook `AtEndAfterFileList' on input line 112.
Package rerunfilecheck Info: File `HAL9000.out' has not changed.
(rerunfilecheck)             Checksum: C08BBAB54E60773405AA745859BE01A3;8577.


LaTeX Font Warning: Some font shapes were not available, defaults substituted.


LaTeX Warning: There were undefined references.


LaTeX Warning: Label(s) may have changed. Rerun to get cross-references right.

Package atveryend Info: Empty hook `AtVeryVeryEnd' on input line 112.
 )
(\end occurred inside a group at level 1)

### simple group (level 1) entered at line 1061 ({)
### bottom level 
Here is how much of TeX's memory you used:
 22246 strings out of 493333
 364914 string characters out of 3139177
 640951 words of memory out of 3000000
 23585 multiletter control sequences out of 15000+200000
 46253 words of font info for 102 fonts, out of 3000000 for 9000
 1141 hyphenation exceptions out of 8191
 55i,14n,51p,848b,8875s stack positions out of 5000i,500n,10000p,200000b,50000s
<C:/Program Files/MiKTeX 2.9/fonts/type1/public/amsfonts/cm/cmbx12.pfb><C:/Program Files/MiKTeX 2.9/font
s/type1/public/amsfonts/cm/cmbxti10.pfb><C:/Program Files/MiKTeX 2.9/fonts/type1/public/amsfonts/cm/cmcsc10.pfb><C:/Prog
ram Files/MiKTeX 2.9/fonts/type1/public/amsfonts/cm/cmmi12.pfb><C:/Program Files/MiKTeX 2.9/fonts/type1/public/amsfonts/
cm/cmmib10.pfb><C:/Program Files/MiKTeX 2.9/fonts/type1/public/amsfonts/cm/cmr12.pfb><C:/Program Files/MiKTeX 2.9/fonts/
type1/public/amsfonts/cm/cmr17.pfb><C:/Program Files/MiKTeX 2.9/fonts/type1/public/amsfonts/cm/cmr8.pfb><C:/Program File
s/MiKTeX 2.9/fonts/type1/public/amsfonts/cm/cmsltt10.pfb><C:/Program Files/MiKTeX 2.9/fonts/type1/public/amsfonts/cm/cms
y10.pfb><C:/Program Files/MiKTeX 2.9/fonts/type1/public/amsfonts/cm/cmti12.pfb><C:/Program Files/MiKTeX 2.9/fonts/type1/
public/amsfonts/cm/cmti8.pfb><C:/Program Files/MiKTeX 2.9/fonts/type1/public/amsfonts/cm/cmtt12.pfb><C:/Program Files/Mi
KTeX 2.9/fonts/type1/public/amsfonts/cm/cmtt8.pfb>
Output written on HAL9000.pdf (129 pages, 1452138 bytes).
PDF statistics:
 3196 PDF objects out of 3580 (max. 8388607)
 1718 named destinations out of 1728 (max. 500000)
 986 words of extra memory for PDF output out of 10000 (max. 10000000)

